<?xml version="1.0" encoding="UTF-8"?>
<!-- Generated by org.testng.reporters.JUnitXMLReporter -->
<testsuite ignored="0" hostname="LAPTOP-PLNO5R2G" failures="0" tests="4" name="Default test" time="25.868" errors="0" timestamp="2023-03-18T23:27:54 PDT">
  <testcase classname="rediff.Rediff_Fullflow_Properties" name="clickOnSignInLink" time="4.022"/>
  <testcase classname="rediff.Rediff_Fullflow_Properties" name="logInCredentials" time="9.943"/>
  <testcase classname="rediff.Rediff_Fullflow_Properties" name="logOut" time="4.048"/>
  <testcase classname="rediff.Rediff_Fullflow_Properties" name="rediffHome" time="1.057"/>
</testsuite> <!-- Default test -->
