<?xml version="1.0" encoding="UTF-8"?>
<!-- Generated by org.testng.reporters.JUnitXMLReporter -->
<testsuite ignored="0" hostname="LAPTOP-PLNO5R2G" failures="0" tests="5" name="Test" time="6.501" errors="0" timestamp="2023-03-18T16:23:47 PDT">
  <testcase classname="facebook.Facebook_Create_An_Account" name="clickOnCreateANewAccountButton" time="2.06"/>
  <testcase classname="facebook.Facebook_Create_An_Account" name="logInCredentials" time="0.483"/>
  <testcase classname="facebook.Facebook_Create_An_Account" name="birthDayCredentials" time="0.217"/>
  <testcase classname="facebook.Facebook_Create_An_Account" name="genderSelect" time="0.067"/>
  <testcase classname="facebook.Facebook_Create_An_Account" name="signUpButton" time="0.054"/>
</testsuite> <!-- Test -->
