<?xml version="1.0" encoding="UTF-8"?>
<testng-results ignored="0" total="4" passed="4" failed="0" skipped="0">
  <reporter-output>
  </reporter-output>
  <suite started-at="2023-03-18T23:27:29 PDT" name="Default suite" finished-at="2023-03-18T23:27:54 PDT" duration-ms="25868">
    <groups>
    </groups>
    <test started-at="2023-03-18T23:27:29 PDT" name="Default test" finished-at="2023-03-18T23:27:54 PDT" duration-ms="25868">
      <class name="rediff.Rediff_Fullflow_Properties">
        <test-method is-config="true" signature="launchUrl()[pri:0, instance:rediff.Rediff_Fullflow_Properties@543295b0]" started-at="2023-03-18T23:27:29 PDT" name="launchUrl" finished-at="2023-03-18T23:27:35 PDT" duration-ms="6086" status="PASS">
          <reporter-output>
          </reporter-output>
        </test-method> <!-- launchUrl -->
        <test-method signature="clickOnSignInLink()[pri:1, instance:rediff.Rediff_Fullflow_Properties@543295b0]" started-at="2023-03-18T23:27:35 PDT" name="clickOnSignInLink" finished-at="2023-03-18T23:27:39 PDT" duration-ms="4022" status="PASS">
          <reporter-output>
          </reporter-output>
        </test-method> <!-- clickOnSignInLink -->
        <test-method signature="logInCredentials()[pri:2, instance:rediff.Rediff_Fullflow_Properties@543295b0]" started-at="2023-03-18T23:27:39 PDT" name="logInCredentials" finished-at="2023-03-18T23:27:49 PDT" depends-on-methods="rediff.Rediff_Fullflow_Properties.clickOnSignInLink" duration-ms="9943" status="PASS">
          <reporter-output>
          </reporter-output>
        </test-method> <!-- logInCredentials -->
        <test-method signature="logOut()[pri:3, instance:rediff.Rediff_Fullflow_Properties@543295b0]" started-at="2023-03-18T23:27:49 PDT" name="logOut" finished-at="2023-03-18T23:27:53 PDT" depends-on-methods="rediff.Rediff_Fullflow_Properties.clickOnSignInLink, rediff.Rediff_Fullflow_Properties.logInCredentials" duration-ms="4048" status="PASS">
          <reporter-output>
          </reporter-output>
        </test-method> <!-- logOut -->
        <test-method signature="rediffHome()[pri:4, instance:rediff.Rediff_Fullflow_Properties@543295b0]" started-at="2023-03-18T23:27:53 PDT" name="rediffHome" finished-at="2023-03-18T23:27:54 PDT" depends-on-methods="rediff.Rediff_Fullflow_Properties.clickOnSignInLink, rediff.Rediff_Fullflow_Properties.logOut, rediff.Rediff_Fullflow_Properties.logInCredentials" duration-ms="1057" status="PASS">
          <reporter-output>
          </reporter-output>
        </test-method> <!-- rediffHome -->
        <test-method is-config="true" signature="tearDown()[pri:0, instance:rediff.Rediff_Fullflow_Properties@543295b0]" started-at="2023-03-18T23:27:54 PDT" name="tearDown" finished-at="2023-03-18T23:27:54 PDT" duration-ms="691" status="PASS">
          <reporter-output>
          </reporter-output>
        </test-method> <!-- tearDown -->
      </class> <!-- rediff.Rediff_Fullflow_Properties -->
    </test> <!-- Default test -->
  </suite> <!-- Default suite -->
</testng-results>
